# JRE version: Java(TM) SE Runtime Environment (8.0_45-b15) (build 1.8.0_45-b15)
# Java VM: Java HotSpot(TM) 64-Bit Server VM (25.45-b02 mixed mode windows-amd64 compressed oops)
Heap:
 PSYoungGen      total 107008K, used 5896K [0x00000000e0980000, 0x00000000e8300000, 0x0000000100000000)
  eden space 94208K, 6% used [0x00000000e0980000,0x00000000e0f42360,0x00000000e6580000)
  from space 12800K, 0% used [0x00000000e7680000,0x00000000e7680000,0x00000000e8300000)
  to   space 14336K, 0% used [0x00000000e6700000,0x00000000e6700000,0x00000000e7500000)
 ParOldGen       total 83456K, used 20496K [0x00000000a1c00000, 0x00000000a6d80000, 0x00000000e0980000)
  object space 83456K, 24% used [0x00000000a1c00000,0x00000000a3004000,0x00000000a6d80000)
 Metaspace       used 35306K, capacity 35722K, committed 36136K, reserved 1081344K
  class space    used 4228K, capacity 4340K, committed 4400K, reserved 1048576K
GC Heap History (10 events):
Event: 2.273 GC heap before
{Heap before GC invocations=6 (full 1):
 PSYoungGen      total 53248K, used 49152K [0x00000000e0980000, 0x00000000e4180000, 0x0000000100000000)
  eden space 49152K, 100% used [0x00000000e0980000,0x00000000e3980000,0x00000000e3980000)
  from space 4096K, 0% used [0x00000000e3d80000,0x00000000e3d80000,0x00000000e4180000)
  to   space 4096K, 0% used [0x00000000e3980000,0x00000000e3980000,0x00000000e3d80000)
 ParOldGen       total 54272K, used 10860K [0x00000000a1c00000, 0x00000000a5100000, 0x00000000e0980000)
  object space 54272K, 20% used [0x00000000a1c00000,0x00000000a269b1f0,0x00000000a5100000)
 Metaspace       used 24268K, capacity 24574K, committed 24880K, reserved 1071104K
  class space    used 2942K, capacity 3020K, committed 3120K, reserved 1048576K
Event: 2.278 GC heap after
Heap after GC invocations=6 (full 1):
 PSYoungGen      total 53248K, used 4078K [0x00000000e0980000, 0x00000000e6480000, 0x0000000100000000)
  eden space 49152K, 0% used [0x00000000e0980000,0x00000000e0980000,0x00000000e3980000)
  from space 4096K, 99% used [0x00000000e3980000,0x00000000e3d7baa0,0x00000000e3d80000)
  to   space 10240K, 0% used [0x00000000e5a80000,0x00000000e5a80000,0x00000000e6480000)
 ParOldGen       total 54272K, used 11701K [0x00000000a1c00000, 0x00000000a5100000, 0x00000000e0980000)
  object space 54272K, 21% used [0x00000000a1c00000,0x00000000a276d460,0x00000000a5100000)
 Metaspace       used 24268K, capacity 24574K, committed 24880K, reserved 1071104K
  class space    used 2942K, capacity 3020K, committed 3120K, reserved 1048576K
}
Event: 3.329 GC heap before
{Heap before GC invocations=7 (full 1):
 PSYoungGen      total 53248K, used 53230K [0x00000000e0980000, 0x00000000e6480000, 0x0000000100000000)
  eden space 49152K, 100% used [0x00000000e0980000,0x00000000e3980000,0x00000000e3980000)
  from space 4096K, 99% used [0x00000000e3980000,0x00000000e3d7baa0,0x00000000e3d80000)
  to   space 10240K, 0% used [0x00000000e5a80000,0x00000000e5a80000,0x00000000e6480000)
 ParOldGen       total 54272K, used 11701K [0x00000000a1c00000, 0x00000000a5100000, 0x00000000e0980000)
  object space 54272K, 21% used [0x00000000a1c00000,0x00000000a276d478,0x00000000a5100000)
 Metaspace       used 28507K, capacity 28804K, committed 28976K, reserved 1075200K
  class space    used 3444K, capacity 3533K, committed 3632K, reserved 1048576K
Event: 3.335 GC heap after
Heap after GC invocations=7 (full 1):
 PSYoungGen      total 78848K, used 8084K [0x00000000e0980000, 0x00000000e6300000, 0x0000000100000000)
  eden space 70144K, 0% used [0x00000000e0980000,0x00000000e0980000,0x00000000e4e00000)
  from space 8704K, 92% used [0x00000000e5a80000,0x00000000e62653e8,0x00000000e6300000)
  to   space 10752K, 0% used [0x00000000e4e00000,0x00000000e4e00000,0x00000000e5880000)
 ParOldGen       total 54272K, used 11709K [0x00000000a1c00000, 0x00000000a5100000, 0x00000000e0980000)
  object space 54272K, 21% used [0x00000000a1c00000,0x00000000a276f478,0x00000000a5100000)
 Metaspace       used 28507K, capacity 28804K, committed 28976K, reserved 1075200K
  class space    used 3444K, capacity 3533K, committed 3632K, reserved 1048576K
}
Event: 4.344 GC heap before
{Heap before GC invocations=8 (full 1):
 PSYoungGen      total 78848K, used 78228K [0x00000000e0980000, 0x00000000e6300000, 0x0000000100000000)
  eden space 70144K, 100% used [0x00000000e0980000,0x00000000e4e00000,0x00000000e4e00000)
  from space 8704K, 92% used [0x00000000e5a80000,0x00000000e62653e8,0x00000000e6300000)
  to   space 10752K, 0% used [0x00000000e4e00000,0x00000000e4e00000,0x00000000e5880000)
 ParOldGen       total 54272K, used 11716K [0x00000000a1c00000, 0x00000000a5100000, 0x00000000e0980000)
  object space 54272K, 21% used [0x00000000a1c00000,0x00000000a2771328,0x00000000a5100000)
 Metaspace       used 31826K, capacity 32158K, committed 32304K, reserved 1077248K
  class space    used 3789K, capacity 3878K, committed 3888K, reserved 1048576K
Event: 4.353 GC heap after
Heap after GC invocations=8 (full 1):
 PSYoungGen      total 80896K, used 10740K [0x00000000e0980000, 0x00000000e8300000, 0x0000000100000000)
  eden space 70144K, 0% used [0x00000000e0980000,0x00000000e0980000,0x00000000e4e00000)
  from space 10752K, 99% used [0x00000000e4e00000,0x00000000e587d050,0x00000000e5880000)
  to   space 12800K, 0% used [0x00000000e7680000,0x00000000e7680000,0x00000000e8300000)
 ParOldGen       total 54272K, used 13751K [0x00000000a1c00000, 0x00000000a5100000, 0x00000000e0980000)
  object space 54272K, 25% used [0x00000000a1c00000,0x00000000a296dc50,0x00000000a5100000)
 Metaspace       used 31826K, capacity 32158K, committed 32304K, reserved 1077248K
  class space    used 3789K, capacity 3878K, committed 3888K, reserved 1048576K
}
Event: 16.671 GC heap before
{Heap before GC invocations=9 (full 1):
 PSYoungGen      total 80896K, used 54576K [0x00000000e0980000, 0x00000000e8300000, 0x0000000100000000)
  eden space 70144K, 62% used [0x00000000e0980000,0x00000000e344f318,0x00000000e4e00000)
  from space 10752K, 99% used [0x00000000e4e00000,0x00000000e587d050,0x00000000e5880000)
  to   space 12800K, 0% used [0x00000000e7680000,0x00000000e7680000,0x00000000e8300000)
 ParOldGen       total 54272K, used 13751K [0x00000000a1c00000, 0x00000000a5100000, 0x00000000e0980000)
  object space 54272K, 25% used [0x00000000a1c00000,0x00000000a296dc50,0x00000000a5100000)
 Metaspace       used 34920K, capacity 35248K, committed 35496K, reserved 1081344K
  class space    used 4179K, capacity 4267K, committed 4272K, reserved 1048576K
Event: 16.681 GC heap after
Heap after GC invocations=9 (full 1):
 PSYoungGen      total 107008K, used 12385K [0x00000000e0980000, 0x00000000e8300000, 0x0000000100000000)
  eden space 94208K, 0% used [0x00000000e0980000,0x00000000e0980000,0x00000000e6580000)
  from space 12800K, 96% used [0x00000000e7680000,0x00000000e8298500,0x00000000e8300000)
  to   space 14336K, 0% used [0x00000000e6700000,0x00000000e6700000,0x00000000e7500000)
 ParOldGen       total 54272K, used 13759K [0x00000000a1c00000, 0x00000000a5100000, 0x00000000e0980000)
  object space 54272K, 25% used [0x00000000a1c00000,0x00000000a296fc50,0x00000000a5100000)
 Metaspace       used 34920K, capacity 35248K, committed 35496K, reserved 1081344K
  class space    used 4179K, capacity 4267K, committed 4272K, reserved 1048576K
}
Event: 16.681 GC heap before
{Heap before GC invocations=10 (full 2):
 PSYoungGen      total 107008K, used 12385K [0x00000000e0980000, 0x00000000e8300000, 0x0000000100000000)
  eden space 94208K, 0% used [0x00000000e0980000,0x00000000e0980000,0x00000000e6580000)
  from space 12800K, 96% used [0x00000000e7680000,0x00000000e8298500,0x00000000e8300000)
  to   space 14336K, 0% used [0x00000000e6700000,0x00000000e6700000,0x00000000e7500000)
 ParOldGen       total 54272K, used 13759K [0x00000000a1c00000, 0x00000000a5100000, 0x00000000e0980000)
  object space 54272K, 25% used [0x00000000a1c00000,0x00000000a296fc50,0x00000000a5100000)
 Metaspace       used 34920K, capacity 35248K, committed 35496K, reserved 1081344K
  class space    used 4179K, capacity 4267K, committed 4272K, reserved 1048576K
Event: 16.736 GC heap after
Heap after GC invocations=10 (full 2):
 PSYoungGen      total 107008K, used 0K [0x00000000e0980000, 0x00000000e8300000, 0x0000000100000000)
  eden space 94208K, 0% used [0x00000000e0980000,0x00000000e0980000,0x00000000e6580000)
  from space 12800K, 0% used [0x00000000e7680000,0x00000000e7680000,0x00000000e8300000)
  to   space 14336K, 0% used [0x00000000e6700000,0x00000000e6700000,0x00000000e7500000)
 ParOldGen       total 83456K, used 20496K [0x00000000a1c00000, 0x00000000a6d80000, 0x00000000e0980000)
  object space 83456K, 24% used [0x00000000a1c00000,0x00000000a3004000,0x00000000a6d80000)
 Metaspace       used 34920K, capacity 35248K, committed 35496K, reserved 1081344K
  class space    used 4179K, capacity 4267K, committed 4272K, reserved 1048576K
}

