# JRE version: Java(TM) SE Runtime Environment (8.0_45-b15) (build 1.8.0_45-b15)
# Java VM: Java HotSpot(TM) 64-Bit Server VM (25.45-b02 mixed mode windows-amd64 compressed oops)
Heap:
 PSYoungGen      total 104960K, used 7676K [0x00000000e0980000, 0x00000000e8100000, 0x0000000100000000)
  eden space 92160K, 8% used [0x00000000e0980000,0x00000000e10ff268,0x00000000e6380000)
  from space 12800K, 0% used [0x00000000e7480000,0x00000000e7480000,0x00000000e8100000)
  to   space 14336K, 0% used [0x00000000e6500000,0x00000000e6500000,0x00000000e7300000)
 ParOldGen       total 84992K, used 20494K [0x00000000a1c00000, 0x00000000a6f00000, 0x00000000e0980000)
  object space 84992K, 24% used [0x00000000a1c00000,0x00000000a3003960,0x00000000a6f00000)
 Metaspace       used 34986K, capacity 35364K, committed 35752K, reserved 1081344K
  class space    used 4184K, capacity 4307K, committed 4352K, reserved 1048576K
GC Heap History (10 events):
Event: 2.097 GC heap before
{Heap before GC invocations=6 (full 1):
 PSYoungGen      total 53248K, used 49152K [0x00000000e0980000, 0x00000000e4180000, 0x0000000100000000)
  eden space 49152K, 100% used [0x00000000e0980000,0x00000000e3980000,0x00000000e3980000)
  from space 4096K, 0% used [0x00000000e3d80000,0x00000000e3d80000,0x00000000e4180000)
  to   space 4096K, 0% used [0x00000000e3980000,0x00000000e3980000,0x00000000e3d80000)
 ParOldGen       total 54272K, used 10683K [0x00000000a1c00000, 0x00000000a5100000, 0x00000000e0980000)
  object space 54272K, 19% used [0x00000000a1c00000,0x00000000a266ed80,0x00000000a5100000)
 Metaspace       used 24081K, capacity 24414K, committed 24832K, reserved 1071104K
  class space    used 2901K, capacity 2988K, committed 3072K, reserved 1048576K
Event: 2.101 GC heap after
Heap after GC invocations=6 (full 1):
 PSYoungGen      total 53248K, used 4092K [0x00000000e0980000, 0x00000000e6380000, 0x0000000100000000)
  eden space 49152K, 0% used [0x00000000e0980000,0x00000000e0980000,0x00000000e3980000)
  from space 4096K, 99% used [0x00000000e3980000,0x00000000e3d7f040,0x00000000e3d80000)
  to   space 10240K, 0% used [0x00000000e5980000,0x00000000e5980000,0x00000000e6380000)
 ParOldGen       total 54272K, used 11489K [0x00000000a1c00000, 0x00000000a5100000, 0x00000000e0980000)
  object space 54272K, 21% used [0x00000000a1c00000,0x00000000a2738568,0x00000000a5100000)
 Metaspace       used 24081K, capacity 24414K, committed 24832K, reserved 1071104K
  class space    used 2901K, capacity 2988K, committed 3072K, reserved 1048576K
}
Event: 3.175 GC heap before
{Heap before GC invocations=7 (full 1):
 PSYoungGen      total 53248K, used 53244K [0x00000000e0980000, 0x00000000e6380000, 0x0000000100000000)
  eden space 49152K, 100% used [0x00000000e0980000,0x00000000e3980000,0x00000000e3980000)
  from space 4096K, 99% used [0x00000000e3980000,0x00000000e3d7f040,0x00000000e3d80000)
  to   space 10240K, 0% used [0x00000000e5980000,0x00000000e5980000,0x00000000e6380000)
 ParOldGen       total 54272K, used 11489K [0x00000000a1c00000, 0x00000000a5100000, 0x00000000e0980000)
  object space 54272K, 21% used [0x00000000a1c00000,0x00000000a2738568,0x00000000a5100000)
 Metaspace       used 28218K, capacity 28484K, committed 28928K, reserved 1075200K
  class space    used 3404K, capacity 3469K, committed 3584K, reserved 1048576K
Event: 3.181 GC heap after
Heap after GC invocations=7 (full 1):
 PSYoungGen      total 78848K, used 7957K [0x00000000e0980000, 0x00000000e6280000, 0x0000000100000000)
  eden space 69632K, 0% used [0x00000000e0980000,0x00000000e0980000,0x00000000e4d80000)
  from space 9216K, 86% used [0x00000000e5980000,0x00000000e6145630,0x00000000e6280000)
  to   space 10752K, 0% used [0x00000000e4d80000,0x00000000e4d80000,0x00000000e5800000)
 ParOldGen       total 54272K, used 11497K [0x00000000a1c00000, 0x00000000a5100000, 0x00000000e0980000)
  object space 54272K, 21% used [0x00000000a1c00000,0x00000000a273a568,0x00000000a5100000)
 Metaspace       used 28218K, capacity 28484K, committed 28928K, reserved 1075200K
  class space    used 3404K, capacity 3469K, committed 3584K, reserved 1048576K
}
Event: 4.212 GC heap before
{Heap before GC invocations=8 (full 1):
 PSYoungGen      total 78848K, used 77589K [0x00000000e0980000, 0x00000000e6280000, 0x0000000100000000)
  eden space 69632K, 100% used [0x00000000e0980000,0x00000000e4d80000,0x00000000e4d80000)
  from space 9216K, 86% used [0x00000000e5980000,0x00000000e6145630,0x00000000e6280000)
  to   space 10752K, 0% used [0x00000000e4d80000,0x00000000e4d80000,0x00000000e5800000)
 ParOldGen       total 54272K, used 11497K [0x00000000a1c00000, 0x00000000a5100000, 0x00000000e0980000)
  object space 54272K, 21% used [0x00000000a1c00000,0x00000000a273a568,0x00000000a5100000)
 Metaspace       used 31573K, capacity 31928K, committed 32384K, reserved 1077248K
  class space    used 3758K, capacity 3844K, committed 3968K, reserved 1048576K
Event: 4.221 GC heap after
Heap after GC invocations=8 (full 1):
 PSYoungGen      total 80384K, used 10729K [0x00000000e0980000, 0x00000000e8100000, 0x0000000100000000)
  eden space 69632K, 0% used [0x00000000e0980000,0x00000000e0980000,0x00000000e4d80000)
  from space 10752K, 99% used [0x00000000e4d80000,0x00000000e57fa5a8,0x00000000e5800000)
  to   space 12800K, 0% used [0x00000000e7480000,0x00000000e7480000,0x00000000e8100000)
 ParOldGen       total 54272K, used 13185K [0x00000000a1c00000, 0x00000000a5100000, 0x00000000e0980000)
  object space 54272K, 24% used [0x00000000a1c00000,0x00000000a28e0460,0x00000000a5100000)
 Metaspace       used 31573K, capacity 31928K, committed 32384K, reserved 1077248K
  class space    used 3758K, capacity 3844K, committed 3968K, reserved 1048576K
}
Event: 19.200 GC heap before
{Heap before GC invocations=9 (full 1):
 PSYoungGen      total 80384K, used 55680K [0x00000000e0980000, 0x00000000e8100000, 0x0000000100000000)
  eden space 69632K, 64% used [0x00000000e0980000,0x00000000e3565b60,0x00000000e4d80000)
  from space 10752K, 99% used [0x00000000e4d80000,0x00000000e57fa5a8,0x00000000e5800000)
  to   space 12800K, 0% used [0x00000000e7480000,0x00000000e7480000,0x00000000e8100000)
 ParOldGen       total 54272K, used 13185K [0x00000000a1c00000, 0x00000000a5100000, 0x00000000e0980000)
  object space 54272K, 24% used [0x00000000a1c00000,0x00000000a28e0460,0x00000000a5100000)
 Metaspace       used 34813K, capacity 35140K, committed 35496K, reserved 1081344K
  class space    used 4170K, capacity 4275K, committed 4352K, reserved 1048576K
Event: 19.209 GC heap after
Heap after GC invocations=9 (full 1):
 PSYoungGen      total 104960K, used 12437K [0x00000000e0980000, 0x00000000e8100000, 0x0000000100000000)
  eden space 92160K, 0% used [0x00000000e0980000,0x00000000e0980000,0x00000000e6380000)
  from space 12800K, 97% used [0x00000000e7480000,0x00000000e80a55c0,0x00000000e8100000)
  to   space 14336K, 0% used [0x00000000e6500000,0x00000000e6500000,0x00000000e7300000)
 ParOldGen       total 54272K, used 13193K [0x00000000a1c00000, 0x00000000a5100000, 0x00000000e0980000)
  object space 54272K, 24% used [0x00000000a1c00000,0x00000000a28e2460,0x00000000a5100000)
 Metaspace       used 34813K, capacity 35140K, committed 35496K, reserved 1081344K
  class space    used 4170K, capacity 4275K, committed 4352K, reserved 1048576K
}
Event: 19.209 GC heap before
{Heap before GC invocations=10 (full 2):
 PSYoungGen      total 104960K, used 12437K [0x00000000e0980000, 0x00000000e8100000, 0x0000000100000000)
  eden space 92160K, 0% used [0x00000000e0980000,0x00000000e0980000,0x00000000e6380000)
  from space 12800K, 97% used [0x00000000e7480000,0x00000000e80a55c0,0x00000000e8100000)
  to   space 14336K, 0% used [0x00000000e6500000,0x00000000e6500000,0x00000000e7300000)
 ParOldGen       total 54272K, used 13193K [0x00000000a1c00000, 0x00000000a5100000, 0x00000000e0980000)
  object space 54272K, 24% used [0x00000000a1c00000,0x00000000a28e2460,0x00000000a5100000)
 Metaspace       used 34813K, capacity 35140K, committed 35496K, reserved 1081344K
  class space    used 4170K, capacity 4275K, committed 4352K, reserved 1048576K
Event: 19.267 GC heap after
Heap after GC invocations=10 (full 2):
 PSYoungGen      total 104960K, used 0K [0x00000000e0980000, 0x00000000e8100000, 0x0000000100000000)
  eden space 92160K, 0% used [0x00000000e0980000,0x00000000e0980000,0x00000000e6380000)
  from space 12800K, 0% used [0x00000000e7480000,0x00000000e7480000,0x00000000e8100000)
  to   space 14336K, 0% used [0x00000000e6500000,0x00000000e6500000,0x00000000e7300000)
 ParOldGen       total 84992K, used 20494K [0x00000000a1c00000, 0x00000000a6f00000, 0x00000000e0980000)
  object space 84992K, 24% used [0x00000000a1c00000,0x00000000a3003960,0x00000000a6f00000)
 Metaspace       used 34813K, capacity 35140K, committed 35496K, reserved 1081344K
  class space    used 4170K, capacity 4275K, committed 4352K, reserved 1048576K
}

